<?xml version="1.0" encoding="UTF-8"?>
<testsuites name="store" tests="19" time="0.104">
  <testsuite name="Products / GET list products" id="b45f144c-c03b-49e4-92d3-ad3af4442919" timestamp="2026-05-18T23:17:04.698Z" tests="5" failures="0" errors="0" time="0.029">
    <testcase name="Status code is 200" time="0.029" classname="ProductsGetListProducts"/>
    <testcase name="Response time is less than 200ms" time="0.029" classname="ProductsGetListProducts"/>
    <testcase name="Response body is an array" time="0.029" classname="ProductsGetListProducts"/>
    <testcase name="Product object has valid schema" time="0.029" classname="ProductsGetListProducts"/>
    <testcase name="Content-Type is present" time="0.029" classname="ProductsGetListProducts"/>
  </testsuite>
  <testsuite name="Products / POST create product" id="a803c8b1-e4da-4458-8b90-9823a096e790" timestamp="2026-05-18T23:17:04.698Z" tests="3" failures="0" errors="0" time="0.016">
    <testcase name="Status code is 201" time="0.016" classname="ProductsPostCreateProduct"/>
    <testcase name="Created product has valid data" time="0.016" classname="ProductsPostCreateProduct"/>
    <testcase name="Created product ID is saved" time="0.016" classname="ProductsPostCreateProduct"/>
  </testsuite>
  <testsuite name="Products / GET product by ID" id="e11d995c-9a49-4b34-af52-f7a3bb9cc24d" timestamp="2026-05-18T23:17:04.698Z" tests="4" failures="0" errors="0" time="0.003">
    <testcase name="Status code is 200" time="0.003" classname="ProductsGetProductById"/>
    <testcase name="Product has required fields" time="0.003" classname="ProductsGetProductById"/>
    <testcase name="Product schema is valid" time="0.003" classname="ProductsGetProductById"/>
    <testcase name="Response has expected product ID" time="0.003" classname="ProductsGetProductById"/>
  </testsuite>
  <testsuite name="Products / PUT update product" id="5930a85b-3be9-4abc-8c75-aa2b1f474bb3" timestamp="2026-05-18T23:17:04.698Z" tests="3" failures="0" errors="0" time="0.006">
    <testcase name="Status code is 200" time="0.006" classname="ProductsPutUpdateProduct"/>
    <testcase name="Product is updated" time="0.006" classname="ProductsPutUpdateProduct"/>
    <testcase name="Updated product keeps same ID" time="0.006" classname="ProductsPutUpdateProduct"/>
  </testsuite>
  <testsuite name="Products / DELETE product by ID" id="194408a8-b68e-4178-b40d-5d4670f84fee" timestamp="2026-05-18T23:17:04.698Z" tests="3" failures="0" errors="0" time="0.004">
    <testcase name="Product ID variable exists before cleanup" time="0.004" classname="ProductsDeleteProductById"/>
    <testcase name="Status code is 200 or 204" time="0.004" classname="ProductsDeleteProductById"/>
    <testcase name="Product ID variable is decreased after delete" time="0.004" classname="ProductsDeleteProductById"/>
  </testsuite>
  <testsuite name="Products / GET products pagination" id="a4390be5-ba0e-40f6-a19d-9771abaab9ad" timestamp="2026-05-18T23:17:04.698Z" tests="2" failures="0" errors="0" time="0.003">
    <testcase name="Status code is 200" time="0.003" classname="ProductsGetProductsPagination"/>
    <testcase name="Pagination returns expected amount of products" time="0.003" classname="ProductsGetProductsPagination"/>
  </testsuite>
  <testsuite name="Products / GET products sorted by price DESC" id="1fad6178-e002-4a5b-8f31-edc00033ba63" timestamp="2026-05-18T23:17:04.698Z" tests="2" failures="0" errors="0" time="0.003">
    <testcase name="Status code is 200" time="0.003" classname="ProductsGetProductsSortedByPriceDesc"/>
    <testcase name="Products are sorted by price in DESC order" time="0.003" classname="ProductsGetProductsSortedByPriceDesc"/>
  </testsuite>
  <testsuite name="Orders / GET list orders" id="4f6080dc-3502-4ee6-99e9-bf97f3b7adcd" timestamp="2026-05-18T23:17:04.698Z" tests="4" failures="0" errors="0" time="0.004">
    <testcase name="Status code is 200" time="0.004" classname="OrdersGetListOrders"/>
    <testcase name="Response time is less than 200ms" time="0.004" classname="OrdersGetListOrders"/>
    <testcase name="Response body is an array" time="0.004" classname="OrdersGetListOrders"/>
    <testcase name="Order object has required fields" time="0.004" classname="OrdersGetListOrders"/>
  </testsuite>
  <testsuite name="Orders / GET order by ID" id="1e6aa8f1-a1ea-4c0d-a2cf-865b25854c59" timestamp="2026-05-18T23:17:04.698Z" tests="2" failures="0" errors="0" time="0.003">
    <testcase name="Status code is 200" time="0.003" classname="OrdersGetOrderById"/>
    <testcase name="Response contains required order fields" time="0.003" classname="OrdersGetOrderById"/>
  </testsuite>
  <testsuite name="Orders / POST create order" id="f3aa1674-12f3-4ba4-b3af-2335ebbd260b" timestamp="2026-05-18T23:17:04.698Z" tests="2" failures="0" errors="0" time="0.006">
    <testcase name="Status code is 201" time="0.006" classname="OrdersPostCreateOrder"/>
    <testcase name="Created order has required fields" time="0.006" classname="OrdersPostCreateOrder"/>
  </testsuite>
  <testsuite name="Orders / PUT update order" id="00edb2c6-f778-4104-b961-ea8d3a94f184" timestamp="2026-05-18T23:17:04.698Z" tests="2" failures="0" errors="0" time="0.004">
    <testcase name="Status code is 200" time="0.004" classname="OrdersPutUpdateOrder"/>
    <testcase name="Updated order keeps same ID" time="0.004" classname="OrdersPutUpdateOrder"/>
  </testsuite>
  <testsuite name="Orders / DELETE order by ID" id="e4f88ba5-06c8-4b04-98d4-92b4a0ce65d4" timestamp="2026-05-18T23:17:04.698Z" tests="3" failures="0" errors="0" time="0.003">
    <testcase name="Order ID variable exists before cleanup" time="0.003" classname="OrdersDeleteOrderById"/>
    <testcase name="Status code is 200 or 204" time="0.003" classname="OrdersDeleteOrderById"/>
    <testcase name="Order ID variable is removed after delete" time="0.003" classname="OrdersDeleteOrderById"/>
  </testsuite>
  <testsuite name="Users / GET list users" id="919c13ff-a3d0-4369-8f6e-5ea3472c355b" timestamp="2026-05-18T23:17:04.698Z" tests="5" failures="0" errors="0" time="0.002">
    <testcase name="Status code is 200" time="0.002" classname="UsersGetListUsers"/>
    <testcase name="Response time is less than 200ms" time="0.002" classname="UsersGetListUsers"/>
    <testcase name="Response body is an array" time="0.002" classname="UsersGetListUsers"/>
    <testcase name="User object has valid schema" time="0.002" classname="UsersGetListUsers"/>
    <testcase name="User email has valid format" time="0.002" classname="UsersGetListUsers"/>
  </testsuite>
  <testsuite name="Users / GET user by ID" id="d9a3b05d-b7cb-44d6-968c-44cde10d5e4c" timestamp="2026-05-18T23:17:04.698Z" tests="4" failures="0" errors="0" time="0.002">
    <testcase name="Status code is 200" time="0.002" classname="UsersGetUserById"/>
    <testcase name="Response contains user ID" time="0.002" classname="UsersGetUserById"/>
    <testcase name="User has required fields" time="0.002" classname="UsersGetUserById"/>
    <testcase name="User data types are valid" time="0.002" classname="UsersGetUserById"/>
  </testsuite>
  <testsuite name="Users / POST create user" id="9fc4cf0c-05fc-40c0-ad53-87384061582b" timestamp="2026-05-18T23:17:04.698Z" tests="3" failures="0" errors="0" time="0.005">
    <testcase name="Status code is 201" time="0.005" classname="UsersPostCreateUser"/>
    <testcase name="Created user has ID" time="0.005" classname="UsersPostCreateUser"/>
    <testcase name="Created user has expected data" time="0.005" classname="UsersPostCreateUser"/>
  </testsuite>
  <testsuite name="Users / PUT update user" id="8524b115-378f-4051-b060-a055312a27df" timestamp="2026-05-18T23:17:04.698Z" tests="3" failures="0" errors="0" time="0.004">
    <testcase name="Status code is 200" time="0.004" classname="UsersPutUpdateUser"/>
    <testcase name="Updated user keeps same ID" time="0.004" classname="UsersPutUpdateUser"/>
    <testcase name="Updated user has expected data" time="0.004" classname="UsersPutUpdateUser"/>
  </testsuite>
  <testsuite name="Users / DELETE user by ID" id="17bb0089-fe57-49df-8fc3-ade55109e6cd" timestamp="2026-05-18T23:17:04.698Z" tests="3" failures="0" errors="0" time="0.003">
    <testcase name="User ID variable exists before cleanup" time="0.003" classname="UsersDeleteUserById"/>
    <testcase name="Status code is 200 or 204" time="0.003" classname="UsersDeleteUserById"/>
    <testcase name="User ID variable is removed after delete" time="0.003" classname="UsersDeleteUserById"/>
  </testsuite>
  <testsuite name="Users / GET users sorted by firstName ASC" id="664e9692-0624-4573-a2bd-59d0f7f496b6" timestamp="2026-05-18T23:17:04.698Z" tests="2" failures="0" errors="0" time="0.002">
    <testcase name="Status code is 200" time="0.002" classname="UsersGetUsersSortedByFirstNameAsc"/>
    <testcase name="Users are sorted by firstName ASC" time="0.002" classname="UsersGetUsersSortedByFirstNameAsc"/>
  </testsuite>
  <testsuite name="Users / GET users pagination" id="2720fd0c-a3eb-479b-bade-da35e96fbecd" timestamp="2026-05-18T23:17:04.698Z" tests="2" failures="0" errors="0" time="0.002">
    <testcase name="Status code is 200" time="0.002" classname="UsersGetUsersPagination"/>
    <testcase name="Pagination returns exactly 2 users" time="0.002" classname="UsersGetUsersPagination"/>
  </testsuite>
</testsuites>