<?xml version="1.0" encoding="UTF-8"?>
<testsuites name="store" tests="19" time="0.107">
  <testsuite name="Products / GET list products" id="8847774c-12c9-418e-bd1d-53229ed36db8" timestamp="2026-05-18T23:03:11.543Z" tests="5" failures="0" errors="0" time="0.030">
    <testcase name="Status code is 200" time="0.030" classname="ProductsGetListProducts"/>
    <testcase name="Response time is less than 200ms" time="0.030" classname="ProductsGetListProducts"/>
    <testcase name="Response body is an array" time="0.030" classname="ProductsGetListProducts"/>
    <testcase name="Product object has valid schema" time="0.030" classname="ProductsGetListProducts"/>
    <testcase name="Content-Type is present" time="0.030" classname="ProductsGetListProducts"/>
  </testsuite>
  <testsuite name="Products / POST create product" id="a4aed2ea-e962-4cc5-a171-4ef69ad11c5f" timestamp="2026-05-18T23:03:11.543Z" tests="3" failures="0" errors="0" time="0.016">
    <testcase name="Status code is 201" time="0.016" classname="ProductsPostCreateProduct"/>
    <testcase name="Created product has valid data" time="0.016" classname="ProductsPostCreateProduct"/>
    <testcase name="Created product ID is saved" time="0.016" classname="ProductsPostCreateProduct"/>
  </testsuite>
  <testsuite name="Products / GET product by ID" id="f979d494-1e5e-48bb-9662-56a26aba51d3" timestamp="2026-05-18T23:03:11.543Z" tests="4" failures="0" errors="0" time="0.003">
    <testcase name="Status code is 200" time="0.003" classname="ProductsGetProductById"/>
    <testcase name="Product has required fields" time="0.003" classname="ProductsGetProductById"/>
    <testcase name="Product schema is valid" time="0.003" classname="ProductsGetProductById"/>
    <testcase name="Response has expected product ID" time="0.003" classname="ProductsGetProductById"/>
  </testsuite>
  <testsuite name="Products / PUT update product" id="2fbd8e76-63d5-45c0-a4df-a1916f058cef" timestamp="2026-05-18T23:03:11.543Z" tests="3" failures="0" errors="0" time="0.006">
    <testcase name="Status code is 200" time="0.006" classname="ProductsPutUpdateProduct"/>
    <testcase name="Product is updated" time="0.006" classname="ProductsPutUpdateProduct"/>
    <testcase name="Updated product keeps same ID" time="0.006" classname="ProductsPutUpdateProduct"/>
  </testsuite>
  <testsuite name="Products / DELETE product by ID" id="f1d2990b-a522-42ea-a27d-d2f52b27b993" timestamp="2026-05-18T23:03:11.543Z" tests="3" failures="0" errors="0" time="0.004">
    <testcase name="Product ID variable exists before cleanup" time="0.004" classname="ProductsDeleteProductById"/>
    <testcase name="Status code is 200 or 204" time="0.004" classname="ProductsDeleteProductById"/>
    <testcase name="Product ID variable is decreased after delete" time="0.004" classname="ProductsDeleteProductById"/>
  </testsuite>
  <testsuite name="Products / GET products pagination" id="07caf40c-c10e-4534-a3c0-6998b6956bd1" timestamp="2026-05-18T23:03:11.543Z" tests="2" failures="0" errors="0" time="0.003">
    <testcase name="Status code is 200" time="0.003" classname="ProductsGetProductsPagination"/>
    <testcase name="Pagination returns expected amount of products" time="0.003" classname="ProductsGetProductsPagination"/>
  </testsuite>
  <testsuite name="Products / GET products sorted by price DESC" id="c7ac38bc-03c2-420e-81b4-c812f9f5e41c" timestamp="2026-05-18T23:03:11.543Z" tests="2" failures="0" errors="0" time="0.003">
    <testcase name="Status code is 200" time="0.003" classname="ProductsGetProductsSortedByPriceDesc"/>
    <testcase name="Products are sorted by price in DESC order" time="0.003" classname="ProductsGetProductsSortedByPriceDesc"/>
  </testsuite>
  <testsuite name="Orders / GET list orders" id="255dfb60-4341-42ab-90e1-64f669c2fbaf" timestamp="2026-05-18T23:03:11.543Z" tests="4" failures="0" errors="0" time="0.003">
    <testcase name="Status code is 200" time="0.003" classname="OrdersGetListOrders"/>
    <testcase name="Response time is less than 200ms" time="0.003" classname="OrdersGetListOrders"/>
    <testcase name="Response body is an array" time="0.003" classname="OrdersGetListOrders"/>
    <testcase name="Order object has required fields" time="0.003" classname="OrdersGetListOrders"/>
  </testsuite>
  <testsuite name="Orders / GET order by ID" id="c4dbbcb9-7c44-4bdc-8ec7-68de380b328f" timestamp="2026-05-18T23:03:11.543Z" tests="2" failures="0" errors="0" time="0.003">
    <testcase name="Status code is 200" time="0.003" classname="OrdersGetOrderById"/>
    <testcase name="Response contains required order fields" time="0.003" classname="OrdersGetOrderById"/>
  </testsuite>
  <testsuite name="Orders / POST create order" id="adc85ed0-8a6e-41e3-8995-24dbdc7fdf42" timestamp="2026-05-18T23:03:11.543Z" tests="2" failures="0" errors="0" time="0.006">
    <testcase name="Status code is 201" time="0.006" classname="OrdersPostCreateOrder"/>
    <testcase name="Created order has required fields" time="0.006" classname="OrdersPostCreateOrder"/>
  </testsuite>
  <testsuite name="Orders / PUT update order" id="6e22b5b3-80eb-4fda-a718-310ab4c540b9" timestamp="2026-05-18T23:03:11.543Z" tests="2" failures="0" errors="0" time="0.004">
    <testcase name="Status code is 200" time="0.004" classname="OrdersPutUpdateOrder"/>
    <testcase name="Updated order keeps same ID" time="0.004" classname="OrdersPutUpdateOrder"/>
  </testsuite>
  <testsuite name="Orders / DELETE order by ID" id="2d4dd67a-eead-4eab-8543-222086b0d42e" timestamp="2026-05-18T23:03:11.543Z" tests="3" failures="0" errors="0" time="0.003">
    <testcase name="Order ID variable exists before cleanup" time="0.003" classname="OrdersDeleteOrderById"/>
    <testcase name="Status code is 200 or 204" time="0.003" classname="OrdersDeleteOrderById"/>
    <testcase name="Order ID variable is removed after delete" time="0.003" classname="OrdersDeleteOrderById"/>
  </testsuite>
  <testsuite name="Users / GET list users" id="c37187aa-d019-4f33-aa52-54b6cfa2fa54" timestamp="2026-05-18T23:03:11.543Z" tests="5" failures="0" errors="0" time="0.003">
    <testcase name="Status code is 200" time="0.003" classname="UsersGetListUsers"/>
    <testcase name="Response time is less than 200ms" time="0.003" classname="UsersGetListUsers"/>
    <testcase name="Response body is an array" time="0.003" classname="UsersGetListUsers"/>
    <testcase name="User object has valid schema" time="0.003" classname="UsersGetListUsers"/>
    <testcase name="User email has valid format" time="0.003" classname="UsersGetListUsers"/>
  </testsuite>
  <testsuite name="Users / GET user by ID" id="416c4560-4ab5-4224-a9c1-bdc7f8ef72f5" timestamp="2026-05-18T23:03:11.543Z" tests="4" failures="0" errors="0" time="0.002">
    <testcase name="Status code is 200" time="0.002" classname="UsersGetUserById"/>
    <testcase name="Response contains user ID" time="0.002" classname="UsersGetUserById"/>
    <testcase name="User has required fields" time="0.002" classname="UsersGetUserById"/>
    <testcase name="User data types are valid" time="0.002" classname="UsersGetUserById"/>
  </testsuite>
  <testsuite name="Users / POST create user" id="f28ef340-f526-4ebe-acff-bfcbe6ad5621" timestamp="2026-05-18T23:03:11.543Z" tests="3" failures="0" errors="0" time="0.004">
    <testcase name="Status code is 201" time="0.004" classname="UsersPostCreateUser"/>
    <testcase name="Created user has ID" time="0.004" classname="UsersPostCreateUser"/>
    <testcase name="Created user has expected data" time="0.004" classname="UsersPostCreateUser"/>
  </testsuite>
  <testsuite name="Users / PUT update user" id="c130313d-8bc4-4dcd-bec5-381270a556a2" timestamp="2026-05-18T23:03:11.543Z" tests="3" failures="0" errors="0" time="0.006">
    <testcase name="Status code is 200" time="0.006" classname="UsersPutUpdateUser"/>
    <testcase name="Updated user keeps same ID" time="0.006" classname="UsersPutUpdateUser"/>
    <testcase name="Updated user has expected data" time="0.006" classname="UsersPutUpdateUser"/>
  </testsuite>
  <testsuite name="Users / DELETE user by ID" id="e1a92e55-9aa1-4b36-9a8e-4231c0bbbdaf" timestamp="2026-05-18T23:03:11.543Z" tests="3" failures="0" errors="0" time="0.003">
    <testcase name="User ID variable exists before cleanup" time="0.003" classname="UsersDeleteUserById"/>
    <testcase name="Status code is 200 or 204" time="0.003" classname="UsersDeleteUserById"/>
    <testcase name="User ID variable is removed after delete" time="0.003" classname="UsersDeleteUserById"/>
  </testsuite>
  <testsuite name="Users / GET users sorted by firstName ASC" id="e5f1a576-d018-4226-b7fb-db77580e4ace" timestamp="2026-05-18T23:03:11.543Z" tests="2" failures="0" errors="0" time="0.002">
    <testcase name="Status code is 200" time="0.002" classname="UsersGetUsersSortedByFirstNameAsc"/>
    <testcase name="Users are sorted by firstName ASC" time="0.002" classname="UsersGetUsersSortedByFirstNameAsc"/>
  </testsuite>
  <testsuite name="Users / GET users pagination" id="9350a600-a99a-4409-8dc5-555c52ad9112" timestamp="2026-05-18T23:03:11.543Z" tests="2" failures="0" errors="0" time="0.003">
    <testcase name="Status code is 200" time="0.003" classname="UsersGetUsersPagination"/>
    <testcase name="Pagination returns exactly 2 users" time="0.003" classname="UsersGetUsersPagination"/>
  </testsuite>
</testsuites>